#
# A fatal error has been detected by the Java Runtime Environment:
#
#  EXCEPTION_ACCESS_VIOLATION (0xc0000005) at pc=0x000000005966320b, pid=6988, tid=7832
#
# JRE version: 7.0-b147
# Java VM: Java HotSpot(TM) 64-Bit Server VM (21.0-b17 mixed mode windows-amd64 compressed oops)
# Problematic frame:
# V  [jvm.dll+0x11320b]
#
# Failed to write core dump. Minidumps are not enabled by default on client versions of Windows
#
# If you would like to submit a bug report, please visit:
#   http://bugreport.sun.com/bugreport/crash.jsp
#

---------------  T H R E A D  ---------------

Current thread (0x00000000065df800):  JavaThread "JDWP Transport Listener: dt_socket" daemon [_thread_in_vm, id=7832, stack(0x00000000077a0000,0x00000000078a0000)]

siginfo: ExceptionCode=0xc0000005, reading address 0xffffffffffffffff

Registers:
RAX=0x000000000789f601, RBX=0x00000000065df800, RCX=0x3b726f74616c7563, RDX=0x00000000065df800
RSP=0x000000000789f660, RBP=0x3b726f74616c7563, RSI=0x000000000789f778, RDI=0x00000000024c86a0
R8 =0x000000000789f778, R9 =0x000000ec01120374, R10=0x0000000000000000, R11=0x000000000789f90a
R12=0x0000000000000000, R13=0x0000000000000000, R14=0x0000000000000000, R15=0x0000000000000000
RIP=0x000000005966320b, EFLAGS=0x0000000000010206

Top of Stack: (sp=0x000000000789f660)
0x000000000789f660:   00000000065df800 00000000065ce6a0
0x000000000789f670:   000000000789f728 00000000597de619
0x000000000789f680:   00000000065df800 00000000597fa032
0x000000000789f690:   0000000000000000 00000000065df800
0x000000000789f6a0:   00000000023c5ac0 000000006cb7264e
0x000000000789f6b0:   00000000065df800 0000000000000000
0x000000000789f6c0:   0000000000000000 0000000000000000
0x000000000789f6d0:   3b726f74616c7563 000000006cb71745
0x000000000789f6e0:   000000000789f778 000000000789f750
0x000000000789f6f0:   0000000000000001 00000000023c5ac0
0x000000000789f700:   3b726f74616c7563 000000006cb553b3
0x000000000789f710:   000000000789f840 0000000000000001
0x000000000789f720:   0000000000000001 00000000023c5ac0
0x000000000789f730:   000000000000000a 0000000000000000
0x000000000789f740:   0000000000000000 0000000000000000
0x000000000789f750:   0000000000000001 000000006cb55571 

Instructions: (pc=0x000000005966320b)
0x00000000596631eb:   48 8b 5c 24 30 48 89 47 18 48 83 c4 20 5f c3 cc
0x00000000596631fb:   cc cc cc cc cc 40 53 48 83 ec 20 48 85 c9 74 54
0x000000005966320b:   48 8b 19 48 85 db 74 4c 48 b8 fe fe fe fe fe fe
0x000000005966321b:   fe fe 48 3b d8 74 3d 80 3d df e1 54 00 00 74 15 


Register to memory mapping:

RAX=0x000000000789f601 is pointing into the stack for thread: 0x00000000065df800
RBX=0x00000000065df800 is a thread
RCX=0x3b726f74616c7563 is an unknown value
RDX=0x00000000065df800 is a thread
RSP=0x000000000789f660 is pointing into the stack for thread: 0x00000000065df800
RBP=0x3b726f74616c7563 is an unknown value
RSI=0x000000000789f778 is pointing into the stack for thread: 0x00000000065df800
RDI=0x00000000024c86a0 is an unknown value
R8 =0x000000000789f778 is pointing into the stack for thread: 0x00000000065df800
R9 =0x000000ec01120374 is an unknown value
R10=0x0000000000000000 is an unknown value
R11=0x000000000789f90a is pointing into the stack for thread: 0x00000000065df800
R12=0x0000000000000000 is an unknown value
R13=0x0000000000000000 is an unknown value
R14=0x0000000000000000 is an unknown value
R15=0x0000000000000000 is an unknown value


Stack: [0x00000000077a0000,0x00000000078a0000],  sp=0x000000000789f660,  free space=1021k
Native frames: (J=compiled Java code, j=interpreted, Vv=VM code, C=native code)
V  [jvm.dll+0x11320b]


---------------  P R O C E S S  ---------------

Java Threads: ( => current thread )
  0x0000000006687800 JavaThread "Java2D Disposer" daemon [_thread_blocked, id=9124, stack(0x0000000007b70000,0x0000000007c70000)]
  0x00000000065f7000 JavaThread "Service Thread" daemon [_thread_blocked, id=9148, stack(0x0000000008020000,0x0000000008120000)]
  0x00000000065f4800 JavaThread "C2 CompilerThread1" daemon [_thread_blocked, id=5876, stack(0x0000000007f20000,0x0000000008020000)]
  0x00000000065f0800 JavaThread "C2 CompilerThread0" daemon [_thread_blocked, id=9084, stack(0x0000000007e00000,0x0000000007f00000)]
  0x00000000065e2000 JavaThread "JDWP Command Reader" daemon [_thread_in_native, id=8792, stack(0x0000000007c70000,0x0000000007d70000)]
  0x00000000065e1000 JavaThread "JDWP Event Helper Thread" daemon [_thread_blocked, id=8104, stack(0x0000000007a50000,0x0000000007b50000)]
=>0x00000000065df800 JavaThread "JDWP Transport Listener: dt_socket" daemon [_thread_in_vm, id=7832, stack(0x00000000077a0000,0x00000000078a0000)]
  0x00000000065d1800 JavaThread "Attach Listener" daemon [_thread_blocked, id=6200, stack(0x0000000006f10000,0x0000000007010000)]
  0x00000000065c8800 JavaThread "Signal Dispatcher" daemon [_thread_blocked, id=7192, stack(0x0000000006ce0000,0x0000000006de0000)]
  0x0000000002413800 JavaThread "Finalizer" daemon [_thread_blocked, id=9164, stack(0x0000000007030000,0x0000000007130000)]
  0x000000000240f000 JavaThread "Reference Handler" daemon [_thread_blocked, id=8624, stack(0x0000000006e00000,0x0000000006f00000)]
  0x00000000024cb800 JavaThread "main" [_thread_blocked, id=7260, stack(0x00000000025d0000,0x00000000026d0000)]

Other Threads:
  0x0000000002409000 VMThread [stack: 0x0000000006bb0000,0x0000000006cb0000] [id=8632]
  0x000000000660d800 WatcherThread [stack: 0x00000000081f0000,0x00000000082f0000] [id=6964]

VM state:not at safepoint (normal execution)

VM Mutex/Monitor currently owned by a thread: None

Heap
 PSYoungGen      total 38080K, used 1962K [0x00000007d58b0000, 0x00000007d8320000, 0x0000000800000000)
  eden space 32704K, 6% used [0x00000007d58b0000,0x00000007d5a9a9c8,0x00000007d78a0000)
  from space 5376K, 0% used [0x00000007d7de0000,0x00000007d7de0000,0x00000007d8320000)
  to   space 5376K, 0% used [0x00000007d78a0000,0x00000007d78a0000,0x00000007d7de0000)
 PSOldGen        total 86912K, used 0K [0x0000000780a00000, 0x0000000785ee0000, 0x00000007d58b0000)
  object space 86912K, 0% used [0x0000000780a00000,0x0000000780a00000,0x0000000785ee0000)
 PSPermGen       total 21248K, used 5174K [0x000000077b800000, 0x000000077ccc0000, 0x0000000780a00000)
  object space 21248K, 24% used [0x000000077b800000,0x000000077bd0d890,0x000000077ccc0000)

Code Cache  [0x00000000026d0000, 0x0000000002940000, 0x00000000056d0000)
 total_blobs=322 nmethods=8 adapters=274 free_code_cache=48681Kb largest_free_block=49832896

Dynamic libraries:
0x000000013f900000 - 0x000000013f933000 	C:\Program Files\Java\jre7\bin\javaw.exe
0x0000000076cd0000 - 0x0000000076e79000 	C:\Windows\SYSTEM32\ntdll.dll
0x000000006ff20000 - 0x000000006ff6d000 	C:\Program Files\AVAST Software\Avast\snxhk64.dll
0x0000000076ab0000 - 0x0000000076bcf000 	C:\Windows\system32\KERNEL32.dll
0x000007fefcc80000 - 0x000007fefcceb000 	C:\Windows\system32\KERNELBASE.dll
0x000007fefe3f0000 - 0x000007fefe4cb000 	C:\Windows\system32\ADVAPI32.dll
0x000007fefe5f0000 - 0x000007fefe68f000 	C:\Windows\system32\msvcrt.dll
0x000007fefe330000 - 0x000007fefe34f000 	C:\Windows\SYSTEM32\sechost.dll
0x000007fefd0f0000 - 0x000007fefd21d000 	C:\Windows\system32\RPCRT4.dll
0x0000000076bd0000 - 0x0000000076cca000 	C:\Windows\system32\USER32.dll
0x000007fefe190000 - 0x000007fefe1f7000 	C:\Windows\system32\GDI32.dll
0x000007fefe4d0000 - 0x000007fefe4de000 	C:\Windows\system32\LPK.dll
0x000007fefef10000 - 0x000007fefefd9000 	C:\Windows\system32\USP10.dll
0x000007fefb560000 - 0x000007fefb754000 	C:\Windows\WinSxS\amd64_microsoft.windows.common-controls_6595b64144ccf1df_6.0.7601.17514_none_fa396087175ac9ac\COMCTL32.dll
0x000007fefd290000 - 0x000007fefd301000 	C:\Windows\system32\SHLWAPI.dll
0x000007fefe300000 - 0x000007fefe32e000 	C:\Windows\system32\IMM32.DLL
0x000007fefe4e0000 - 0x000007fefe5e9000 	C:\Windows\system32\MSCTF.dll
0x0000000064930000 - 0x0000000064a01000 	C:\Program Files\Java\jre7\bin\msvcr100.dll
0x0000000059550000 - 0x0000000059c1e000 	C:\Program Files\Java\jre7\bin\server\jvm.dll
0x000007fef1610000 - 0x000007fef1619000 	C:\Windows\system32\WSOCK32.dll
0x000007fefd220000 - 0x000007fefd26d000 	C:\Windows\system32\WS2_32.dll
0x000007fefd3f0000 - 0x000007fefd3f8000 	C:\Windows\system32\NSI.dll
0x000007fefa410000 - 0x000007fefa44b000 	C:\Windows\system32\WINMM.dll
0x0000000076ea0000 - 0x0000000076ea7000 	C:\Windows\system32\PSAPI.DLL
0x0000000071560000 - 0x000000007156f000 	C:\Program Files\Java\jre7\bin\verify.dll
0x0000000071370000 - 0x0000000071398000 	C:\Program Files\Java\jre7\bin\java.dll
0x000000006cb50000 - 0x000000006cb85000 	C:\Program Files\Java\jre7\bin\jdwp.dll
0x0000000071360000 - 0x0000000071368000 	C:\Program Files\Java\jre7\bin\npt.dll
0x0000000071400000 - 0x0000000071415000 	C:\Program Files\Java\jre7\bin\zip.dll
0x00000000711e0000 - 0x00000000711e9000 	C:\Program Files\Java\jre7\bin\dt_socket.dll
0x000007fefa910000 - 0x000007fefa925000 	C:\Windows\system32\NLAapi.dll
0x000007fef2d10000 - 0x000007fef2d25000 	C:\Windows\system32\napinsp.dll
0x000007fef2cf0000 - 0x000007fef2d09000 	C:\Windows\system32\pnrpnsp.dll
0x000007fefc2e0000 - 0x000007fefc335000 	C:\Windows\System32\mswsock.dll
0x000007fefc160000 - 0x000007fefc1bb000 	C:\Windows\system32\DNSAPI.dll
0x000007fef2ce0000 - 0x000007fef2ceb000 	C:\Windows\System32\winrnr.dll
0x000000006fc20000 - 0x000000006fc46000 	C:\Program Files\Bonjour\mdnsNSP.dll
0x000007fefa5f0000 - 0x000007fefa617000 	C:\Windows\system32\Iphlpapi.DLL
0x000007fefa5e0000 - 0x000007fefa5eb000 	C:\Windows\system32\WINNSI.DLL
0x000007fefa4e0000 - 0x000007fefa533000 	C:\Windows\System32\fwpuclnt.dll
0x000007fef75a0000 - 0x000007fef75a8000 	C:\Windows\system32\rasadhlp.dll
0x000007fefbcc0000 - 0x000007fefbcc7000 	C:\Windows\System32\wshtcpip.dll
0x0000000057c90000 - 0x0000000057e23000 	C:\Program Files\Java\jre7\bin\awt.dll
0x000007fefd310000 - 0x000007fefd3e7000 	C:\Windows\system32\OLEAUT32.dll
0x000007fefcee0000 - 0x000007fefd0e3000 	C:\Windows\system32\ole32.dll
0x000007fefac90000 - 0x000007fefaca8000 	C:\Windows\system32\DWMAPI.DLL
0x000000006cb10000 - 0x000000006cb44000 	C:\Program Files\Java\jre7\bin\fontmanager.dll
0x0000000071320000 - 0x0000000071339000 	C:\Program Files\Java\jre7\bin\net.dll
0x000007fefc2d0000 - 0x000007fefc2d7000 	C:\Windows\System32\wship6.dll
0x000000006fb70000 - 0x000000006fb81000 	C:\Program Files\Java\jre7\bin\nio.dll

VM Arguments:
jvm_args: -agentlib:jdwp=transport=dt_socket,suspend=y,address=localhost:63931 -Dfile.encoding=Cp1252 
java_command: Main
Launcher Type: SUN_STANDARD

Environment Variables:
PATH=C:\Program Files (x86)\NVIDIA Corporation\PhysX\Common;C:\Windows\system32;C:\Windows;C:\Windows\System32\Wbem;C:\Windows\System32\WindowsPowerShell\v1.0\;C:\Program Files (x86)\Java\jdk1.7.0_11\bin\;C:\Program Files\MiKTeX 2.9\miktex\bin\x64\;C:\MinGW\bin\
USERNAME=Ryan
OS=Windows_NT
PROCESSOR_IDENTIFIER=Intel64 Family 6 Model 58 Stepping 9, GenuineIntel



---------------  S Y S T E M  ---------------

OS: Windows 7 , 64 bit Build 7601 Service Pack 1

CPU:total 4 (4 cores per cpu, 1 threads per core) family 6 model 58 stepping 9, cmov, cx8, fxsr, mmx, sse, sse2, sse3, ssse3, sse4.1, sse4.2, popcnt

Memory: 4k page, physical 8343048k(1484240k free), swap 16684236k(7926004k free)

vm_info: Java HotSpot(TM) 64-Bit Server VM (21.0-b17) for windows-amd64 JRE (1.7.0-b147), built on Jun 27 2011 02:19:45 by "java_re" with unknown MS VC++:1600

time: Sat Aug 10 20:42:11 2013
elapsed time: 603 seconds

